#
# There is insufficient memory for the Java Runtime Environment to continue.
# Native memory allocation (mmap) failed to map 268435456 bytes for Failed to commit area from 0x0000000700a00000 to 0x0000000710a00000 of length 268435456.
# Possible reasons:
#   The system is out of physical RAM or swap space
#   The process is running with CompressedOops enabled, and the Java Heap may be blocking the growth of the native heap
# Possible solutions:
#   Reduce memory load on the system
#   Increase physical memory or swap space
#   Check if swap backing store is full
#   Decrease Java heap size (-Xmx/-Xms)
#   Decrease number of Java threads
#   Decrease Java thread stack sizes (-Xss)
#   Set larger code cache with -XX:ReservedCodeCacheSize=
# This output file may be truncated or incomplete.
#
#  Out of Memory Error (./src/hotspot/os/windows/os_windows.cpp:3301), pid=9472, tid=12080
#
# JRE version:  (11.0.11+9) (build )
# Java VM: OpenJDK 64-Bit Server VM (11.0.11+9-b60-7590822, mixed mode, sharing, tiered, compressed oops, g1 gc, windows-amd64)
# No core dump will be written. Minidumps are not enabled by default on client versions of Windows
#

---------------  S U M M A R Y ------------

Command Line: org.jetbrains.kotlin.cli.jvm.K2JVMCompiler @D:\Workspace\NewsPortal\app\build\20220427_15550144639073160049.compiler.options

Host: Intel(R) Core(TM) i7-7700K CPU @ 4.20GHz, 8 cores, 15G,  Windows 10 , 64 bit Build 22000 (10.0.22000.434)
Time: Wed Apr 27 19:59:24 2022 RTZ 2 (зима) elapsed time: 0.005802 seconds (0d 0h 0m 0s)

---------------  T H R E A D  ---------------

Current thread (0x000001f0102f3800):  JavaThread "Unknown thread" [_thread_in_vm, id=12080, stack(0x000000b010100000,0x000000b010200000)]

Stack: [0x000000b010100000,0x000000b010200000]
Native frames: (J=compiled Java code, j=interpreted, Vv=VM code, C=native code)
V  [jvm.dll+0x5f214a]
V  [jvm.dll+0x726fb5]
V  [jvm.dll+0x7285cd]
V  [jvm.dll+0x728c83]
V  [jvm.dll+0x243278]
V  [jvm.dll+0x5ef544]
V  [jvm.dll+0x5e4495]
V  [jvm.dll+0x2fec5b]
V  [jvm.dll+0x2febca]
V  [jvm.dll+0x2feaa2]
V  [jvm.dll+0x303986]
V  [jvm.dll+0x34c3a3]
V  [jvm.dll+0x34caa6]
V  [jvm.dll+0x34c4a3]
V  [jvm.dll+0x2d9688]
V  [jvm.dll+0x2da837]
V  [jvm.dll+0x705ba7]
V  [jvm.dll+0x70739c]
V  [jvm.dll+0x3598f9]
V  [jvm.dll+0x6e931e]
V  [jvm.dll+0x3c1c43]
V  [jvm.dll+0x3c3e81]
C  [jli.dll+0x5373]
C  [ucrtbase.dll+0x26c0c]
C  [KERNEL32.DLL+0x154e0]
C  [ntdll.dll+0x485b]


---------------  P R O C E S S  ---------------

Threads class SMR info:
_java_thread_list=0x000001f00e144c20, length=0, elements={
}

Java Threads: ( => current thread )

Other Threads:
  0x000001f00e21b800 GCTaskThread "GC Thread#0" [stack: 0x000000b010200000,0x000000b010300000] [id=12608]
  0x000001f010363800 ConcurrentGCThread "G1 Main Marker" [stack: 0x000000b010300000,0x000000b010400000] [id=2432]
  0x000001f010365000 ConcurrentGCThread "G1 Conc#0" [stack: 0x000000b010400000,0x000000b010500000] [id=5532]

[error occurred during error reporting (printing all threads), id 0xc0000005, EXCEPTION_ACCESS_VIOLATION (0xc0000005) at pc=0x00007ff807509c47]

VM state:not at safepoint (not fully initialized)

VM Mutex/Monitor currently owned by a thread:  ([mutex/lock_event])
[0x000001f0102f0250] Heap_lock - owner thread: 0x000001f0102f3800

Heap address: 0x0000000700a00000, size: 4086 MB, Compressed Oops mode: Non-zero based: 0x0000000700a00000
Narrow klass base: 0x0000000000000000, Narrow klass shift: 0

GC Heap History (0 events):
No events

Deoptimization events (0 events):
No events

Classes redefined (0 events):
No events

Internal exceptions (0 events):
No events

Events (1 events):
Event: 0.004 Loaded shared library D:\Programs\Android\Android Studio\jre\bin\zip.dll


Dynamic libraries:
0x00007ff7fef80000 - 0x00007ff7fef8a000 	D:\Programs\Android\Android Studio\jre\bin\java.exe
0x00007ff83cb80000 - 0x00007ff83cd89000 	C:\Windows\SYSTEM32\ntdll.dll
0x00007ff83bf80000 - 0x00007ff83c03d000 	C:\Windows\System32\KERNEL32.DLL
0x00007ff83a230000 - 0x00007ff83a5a4000 	C:\Windows\System32\KERNELBASE.dll
0x00007ff83a5b0000 - 0x00007ff83a6c1000 	C:\Windows\System32\ucrtbase.dll
0x00007ff833f50000 - 0x00007ff833f69000 	D:\Programs\Android\Android Studio\jre\bin\jli.dll
0x00007ff828780000 - 0x00007ff828797000 	D:\Programs\Android\Android Studio\jre\bin\VCRUNTIME140.dll
0x00007ff83c3c0000 - 0x00007ff83c56c000 	C:\Windows\System32\USER32.dll
0x00007ff828b40000 - 0x00007ff828de5000 	C:\Windows\WinSxS\amd64_microsoft.windows.common-controls_6595b64144ccf1df_6.0.22000.120_none_9d947278b86cc467\COMCTL32.dll
0x00007ff83a740000 - 0x00007ff83a766000 	C:\Windows\System32\win32u.dll
0x00007ff83ca90000 - 0x00007ff83cb33000 	C:\Windows\System32\msvcrt.dll
0x00007ff83ca60000 - 0x00007ff83ca89000 	C:\Windows\System32\GDI32.dll
0x00007ff83a070000 - 0x00007ff83a182000 	C:\Windows\System32\gdi32full.dll
0x00007ff83a190000 - 0x00007ff83a22d000 	C:\Windows\System32\msvcp_win.dll
0x00007ff83ab00000 - 0x00007ff83ab31000 	C:\Windows\System32\IMM32.DLL
0x00007ff812090000 - 0x00007ff81212d000 	D:\Programs\Android\Android Studio\jre\bin\msvcp140.dll
0x00007ff807220000 - 0x00007ff807cf5000 	D:\Programs\Android\Android Studio\jre\bin\server\jvm.dll
0x00007ff83aa50000 - 0x00007ff83aafe000 	C:\Windows\System32\ADVAPI32.dll
0x00007ff83b640000 - 0x00007ff83b6de000 	C:\Windows\System32\sechost.dll
0x00007ff83c600000 - 0x00007ff83c720000 	C:\Windows\System32\RPCRT4.dll
0x00007ff83b8b0000 - 0x00007ff83b8b8000 	C:\Windows\System32\PSAPI.DLL
0x00007ff834890000 - 0x00007ff834899000 	C:\Windows\SYSTEM32\WSOCK32.dll
0x00007ff835fa0000 - 0x00007ff835fd3000 	C:\Windows\SYSTEM32\WINMM.dll
0x00007ff833f40000 - 0x00007ff833f4a000 	C:\Windows\SYSTEM32\VERSION.dll
0x00007ff83b740000 - 0x00007ff83b7af000 	C:\Windows\System32\WS2_32.dll
0x00007ff839260000 - 0x00007ff839278000 	C:\Windows\SYSTEM32\kernel.appcore.dll
0x00007ff81abf0000 - 0x00007ff81ac01000 	D:\Programs\Android\Android Studio\jre\bin\verify.dll
0x00007ff829040000 - 0x00007ff829261000 	C:\Windows\SYSTEM32\DBGHELP.DLL
0x00007ff828f50000 - 0x00007ff828f81000 	C:\Windows\SYSTEM32\dbgcore.DLL
0x00007ff83a9a0000 - 0x00007ff83aa1f000 	C:\Windows\System32\bcryptPrimitives.dll
0x00007ff8188f0000 - 0x00007ff818919000 	D:\Programs\Android\Android Studio\jre\bin\java.dll
0x00007ff82ffb0000 - 0x00007ff82ffbb000 	D:\Programs\Android\Android Studio\jre\bin\jimage.dll
0x00007ff819b40000 - 0x00007ff819b58000 	D:\Programs\Android\Android Studio\jre\bin\zip.dll

dbghelp: loaded successfully - version: 4.0.5 - missing functions: none
symbol engine: initialized successfully - sym options: 0x614 - pdb path: .;D:\Programs\Android\Android Studio\jre\bin;C:\Windows\SYSTEM32;C:\Windows\WinSxS\amd64_microsoft.windows.common-controls_6595b64144ccf1df_6.0.22000.120_none_9d947278b86cc467;D:\Programs\Android\Android Studio\jre\bin\server

VM Arguments:
java_command: org.jetbrains.kotlin.cli.jvm.K2JVMCompiler @D:\Workspace\NewsPortal\app\build\20220427_15550144639073160049.compiler.options
java_class_path (initial): C:\Users\Unkno\.gradle\caches\modules-2\files-2.1\org.jetbrains.kotlin\kotlin-compiler-embeddable\1.6.10\88f2073f4020cdb83132cfe940ceb9a60aba54ea\kotlin-compiler-embeddable-1.6.10.jar;C:\Users\Unkno\.gradle\caches\modules-2\files-2.1\org.jetbrains.kotlin\kotlin-reflect\1.6.10\1cbe9c92c12a94eea200d23c2bbaedaf3daf5132\kotlin-reflect-1.6.10.jar;C:\Users\Unkno\.gradle\caches\modules-2\files-2.1\org.jetbrains.kotlin\kotlin-stdlib\1.6.10\b8af3fe6f1ca88526914929add63cf5e7c5049af\kotlin-stdlib-1.6.10.jar;C:\Users\Unkno\.gradle\caches\modules-2\files-2.1\org.jetbrains.kotlin\kotlin-script-runtime\1.6.10\d0a7ff2e2500ef497ed0214ae40ad3c8387a6164\kotlin-script-runtime-1.6.10.jar;C:\Users\Unkno\.gradle\caches\modules-2\files-2.1\org.jetbrains.kotlin\kotlin-daemon-embeddable\1.6.10\a56d79bcbea411fa6058e4ecffc2de73e742bd2a\kotlin-daemon-embeddable-1.6.10.jar;C:\Users\Unkno\.gradle\caches\modules-2\files-2.1\org.jetbrains.intellij.deps\trove4j\1.0.20181211\216c2e14b070f334479d800987affe4054cd563f\trove4j-1.0.20181211.jar;C:\Users\Unkno\.gradle\caches\modules-2\files-2.1\net.java.dev.jna\jna\5.6.0\330f2244e9030119ab3030fc3fededc86713d9cc\jna-5.6.0.jar;C:\Users\Unkno\.gradle\caches\modules-2\files-2.1\org.jetbrains\annotations\13.0\919f0dfe192fb4e063e7dacadee7f8bb9a2672a9\annotations-13.0.jar;C:\Users\Unkno\.gradle\caches\modules-2\files-2.1\org.jetbrains.kotlin\kotlin-stdlib-common\1.6.10\c118700e3a33c8a0d9adc920e9dec0831171925\kotlin-stdlib-common-1.6.10.jar
Launcher Type: SUN_STANDARD

[Global flags]
     intx CICompilerCount                          = 4                                         {product} {ergonomic}
     uint ConcGCThreads                            = 2                                         {product} {ergonomic}
     uint G1ConcRefinementThreads                  = 8                                         {product} {ergonomic}
   size_t G1HeapRegionSize                         = 1048576                                   {product} {ergonomic}
    uintx GCDrainStackTargetSize                   = 64                                        {product} {ergonomic}
   size_t InitialHeapSize                          = 268435456                                 {product} {ergonomic}
   size_t MarkStackSize                            = 4194304                                   {product} {ergonomic}
   size_t MaxHeapSize                              = 4284481536                                {product} {ergonomic}
   size_t MinHeapDeltaBytes                        = 1048576                                   {product} {ergonomic}
    uintx NonNMethodCodeHeapSize                   = 5836300                                {pd product} {ergonomic}
    uintx NonProfiledCodeHeapSize                  = 122910970                              {pd product} {ergonomic}
    uintx ProfiledCodeHeapSize                     = 122910970                              {pd product} {ergonomic}
    uintx ReservedCodeCacheSize                    = 251658240                              {pd product} {ergonomic}
     bool SegmentedCodeCache                       = true                                      {product} {ergonomic}
     bool UseCompressedClassPointers               = true                                 {lp64_product} {ergonomic}
     bool UseCompressedOops                        = true                                 {lp64_product} {ergonomic}
     bool UseG1GC                                  = true                                      {product} {ergonomic}
     bool UseLargePagesIndividualAllocation        = false                                  {pd product} {ergonomic}

Logging:
Log output configuration:
 #0: stdout all=warning uptime,level,tags
 #1: stderr all=off uptime,level,tags

Environment Variables:
PATH=C:\Windows\system32;C:\Windows;C:\Windows\System32\Wbem;C:\Windows\System32\WindowsPowerShell\v1.0\;C:\Windows\System32\OpenSSH\;C:\Program Files (x86)\NVIDIA Corporation\PhysX\Common;C:\Program Files\NVIDIA Corporation\NVIDIA NvDLISR;D:\Programs\Git\cmd;C:\Program Files\Common Files\Autodesk Shared\;C:\Program Files\Microsoft SQL Server\120\Tools\Binn\;C:\Users\Unkno\AppData\Local\Microsoft\WindowsApps;
USERNAME=Unkno
OS=Windows_NT
PROCESSOR_IDENTIFIER=Intel64 Family 6 Model 158 Stepping 9, GenuineIntel



---------------  S Y S T E M  ---------------

OS: Windows 10 , 64 bit Build 22000 (10.0.22000.434)
OS uptime: 0 days 23:31 hours

CPU:total 8 (initial active 8) (4 cores per cpu, 2 threads per core) family 6 model 158 stepping 9 microcode 0xde, cmov, cx8, fxsr, mmx, sse, sse2, sse3, ssse3, sse4.1, sse4.2, popcnt, avx, avx2, aes, clmul, erms, rtm, 3dnowpref, lzcnt, ht, tsc, tscinvbit, bmi1, bmi2, adx, fma

Memory: 4k page, system-wide physical 16339M (3315M free)
TotalPageFile size 16339M (AvailPageFile size 130M)
current process WorkingSet (physical memory assigned to process): 10M, peak: 10M
current process commit charge ("private bytes"): 60M, peak: 316M

vm_info: OpenJDK 64-Bit Server VM (11.0.11+9-b60-7590822) for windows-amd64 JRE (11.0.11+9-b60-7590822), built on Jul 29 2021 21:43:44 by "builder" with MS VC++ 14.0 (VS2015)

END.
