#
# There is insufficient memory for the Java Runtime Environment to continue.
# Native memory allocation (malloc) failed to allocate 2191216 bytes for Chunk::new
# Possible reasons:
#   The system is out of physical RAM or swap space
#   The process is running with CompressedOops enabled, and the Java Heap may be blocking the growth of the native heap
# Possible solutions:
#   Reduce memory load on the system
#   Increase physical memory or swap space
#   Check if swap backing store is full
#   Decrease Java heap size (-Xmx/-Xms)
#   Decrease number of Java threads
#   Decrease Java thread stack sizes (-Xss)
#   Set larger code cache with -XX:ReservedCodeCacheSize=
#   JVM is running with Zero Based Compressed Oops mode in which the Java heap is
#     placed in the first 32GB address space. The Java Heap base address is the
#     maximum limit for the native heap growth. Please use -XX:HeapBaseMinAddress
#     to set the Java Heap base and to place the Java Heap above 32GB virtual address.
# This output file may be truncated or incomplete.
#
#  Out of Memory Error (./src/hotspot/share/memory/arena.cpp:197), pid=7900, tid=13300
#
# JRE version: OpenJDK Runtime Environment (11.0.11+9) (build 11.0.11+9-b60-7590822)
# Java VM: OpenJDK 64-Bit Server VM (11.0.11+9-b60-7590822, mixed mode, tiered, compressed oops, g1 gc, windows-amd64)
# No core dump will be written. Minidumps are not enabled by default on client versions of Windows
#

---------------  S U M M A R Y ------------

Command Line: org.jetbrains.kotlin.cli.jvm.K2JVMCompiler @D:\Workspace\NewsPortal\app\build\20220427_272144270184909565.compiler.options

Host: Intel(R) Core(TM) i7-7700K CPU @ 4.20GHz, 8 cores, 15G,  Windows 10 , 64 bit Build 22000 (10.0.22000.434)
Time: Wed Apr 27 19:55:50 2022 RTZ 2 (зима) elapsed time: 1.049175 seconds (0d 0h 0m 1s)

---------------  T H R E A D  ---------------

Current thread (0x000002396ccea800):  JavaThread "C2 CompilerThread2" daemon [_thread_in_native, id=13300, stack(0x000000710c400000,0x000000710c500000)]


Current CompileTask:
C2:   1049 1900   !   4       jdk.internal.loader.BuiltinClassLoader::loadClassOrNull (143 bytes)

Stack: [0x000000710c400000,0x000000710c500000]
Native frames: (J=compiled Java code, j=interpreted, Vv=VM code, C=native code)
V  [jvm.dll+0x5f214a]
V  [jvm.dll+0x726fb5]
V  [jvm.dll+0x7285cd]
V  [jvm.dll+0x728c83]
V  [jvm.dll+0x243278]
V  [jvm.dll+0xbc53c]
V  [jvm.dll+0xbca3c]
V  [jvm.dll+0x353e3b]
V  [jvm.dll+0x321893]
V  [jvm.dll+0x320d8a]
V  [jvm.dll+0x1fc1e2]
V  [jvm.dll+0x1fb3d4]
V  [jvm.dll+0x183d6c]
V  [jvm.dll+0x209a57]
V  [jvm.dll+0x2082a1]
V  [jvm.dll+0x6ef58f]
V  [jvm.dll+0x6e80b5]
V  [jvm.dll+0x5f1036]
C  [ucrtbase.dll+0x26c0c]
C  [KERNEL32.DLL+0x154e0]
C  [ntdll.dll+0x485b]


---------------  P R O C E S S  ---------------

Threads class SMR info:
_java_thread_list=0x000002396cce8390, length=12, elements={
0x000002394d10f000, 0x000002396c27a000, 0x000002396c283000, 0x000002396cb7f800,
0x000002396cb80800, 0x000002396cb81800, 0x000002396cb8c800, 0x000002396cb91000,
0x000002396cb92800, 0x000002396ccee000, 0x000002396cced000, 0x000002396ccea800
}

Java Threads: ( => current thread )
  0x000002394d10f000 JavaThread "main" [_thread_in_vm, id=8148, stack(0x000000710b200000,0x000000710b300000)]
  0x000002396c27a000 JavaThread "Reference Handler" daemon [_thread_blocked, id=348, stack(0x000000710b900000,0x000000710ba00000)]
  0x000002396c283000 JavaThread "Finalizer" daemon [_thread_blocked, id=10536, stack(0x000000710ba00000,0x000000710bb00000)]
  0x000002396cb7f800 JavaThread "Signal Dispatcher" daemon [_thread_blocked, id=1128, stack(0x000000710bb00000,0x000000710bc00000)]
  0x000002396cb80800 JavaThread "Attach Listener" daemon [_thread_blocked, id=6740, stack(0x000000710bc00000,0x000000710bd00000)]
  0x000002396cb81800 JavaThread "Service Thread" daemon [_thread_blocked, id=13232, stack(0x000000710bd00000,0x000000710be00000)]
  0x000002396cb8c800 JavaThread "C2 CompilerThread0" daemon [_thread_blocked, id=11892, stack(0x000000710be00000,0x000000710bf00000)]
  0x000002396cb91000 JavaThread "C1 CompilerThread0" daemon [_thread_blocked, id=7700, stack(0x000000710bf00000,0x000000710c000000)]
  0x000002396cb92800 JavaThread "Sweeper thread" daemon [_thread_blocked, id=8532, stack(0x000000710c000000,0x000000710c100000)]
  0x000002396ccee000 JavaThread "Common-Cleaner" daemon [_thread_blocked, id=12996, stack(0x000000710c200000,0x000000710c300000)]
  0x000002396cced000 JavaThread "C2 CompilerThread1" daemon [_thread_blocked, id=6616, stack(0x000000710c300000,0x000000710c400000)]
=>0x000002396ccea800 JavaThread "C2 CompilerThread2" daemon [_thread_in_native, id=13300, stack(0x000000710c400000,0x000000710c500000)]

Other Threads:
  0x000002396c265800 VMThread "VM Thread" [stack: 0x000000710b800000,0x000000710b900000] [id=6832]
  0x000002396cce9000 WatcherThread [stack: 0x000000710c100000,0x000000710c200000] [id=4712]
  0x000002394d127800 GCTaskThread "GC Thread#0" [stack: 0x000000710b300000,0x000000710b400000] [id=12216]
  0x000002396d2f2800 GCTaskThread "GC Thread#1" [stack: 0x000000710c500000,0x000000710c600000] [id=11988]
  0x000002396d05b000 GCTaskThread "GC Thread#2" [stack: 0x000000710c600000,0x000000710c700000] [id=13120]
  0x000002396d476800 GCTaskThread "GC Thread#3" [stack: 0x000000710c700000,0x000000710c800000] [id=13224]
  0x000002396d477800 GCTaskThread "GC Thread#4" [stack: 0x000000710c800000,0x000000710c900000] [id=5928]
  0x000002396d478000 GCTaskThread "GC Thread#5" [stack: 0x000000710c900000,0x000000710ca00000] [id=13080]
  0x000002394d185000 ConcurrentGCThread "G1 Main Marker" [stack: 0x000000710b400000,0x000000710b500000] [id=8908]
  0x000002394d186000 ConcurrentGCThread "G1 Conc#0" [stack: 0x000000710b500000,0x000000710b600000] [id=11872]
  0x000002396d494000 ConcurrentGCThread "G1 Conc#1" [stack: 0x000000710ca00000,0x000000710cb00000] [id=3764]
  0x000002396c152000 ConcurrentGCThread "G1 Refine#0" [stack: 0x000000710b600000,0x000000710b700000] [id=7344]
  0x000002396c153000 ConcurrentGCThread "G1 Young RemSet Sampling" [stack: 0x000000710b700000,0x000000710b800000] [id=11584]

Threads with active compile tasks:
C2 CompilerThread2   1061 1900   !   4       jdk.internal.loader.BuiltinClassLoader::loadClassOrNull (143 bytes)

VM state:not at safepoint (normal execution)

VM Mutex/Monitor currently owned by a thread: None

Heap address: 0x0000000700a00000, size: 4086 MB, Compressed Oops mode: Zero based, Oop shift amount: 3
Narrow klass base: 0x0000000800000000, Narrow klass shift: 0
Compressed class space size: 1073741824 Address: 0x0000000800000000

Heap:
 garbage-first heap   total 262144K, used 35864K [0x0000000700a00000, 0x0000000800000000)
  region size 1024K, 31 young (31744K), 7 survivors (7168K)
 Metaspace       used 28026K, capacity 28540K, committed 28592K, reserved 1077248K
  class space    used 3073K, capacity 3279K, committed 3328K, reserved 1048576K
Heap Regions: E=young(eden), S=young(survivor), O=old, HS=humongous(starts), HC=humongous(continues), CS=collection set, F=free, A=archive, TAMS=top-at-mark-start (previous, next)
|   0|0x0000000700a00000, 0x0000000700b00000, 0x0000000700b00000|100%|HS|  |TAMS 0x0000000700b00000, 0x0000000700a00000| Complete 
|   1|0x0000000700b00000, 0x0000000700c00000, 0x0000000700c00000|100%|HC|  |TAMS 0x0000000700c00000, 0x0000000700b00000| Complete 
|   2|0x0000000700c00000, 0x0000000700d00000, 0x0000000700d00000|100%|HC|  |TAMS 0x0000000700d00000, 0x0000000700c00000| Complete 
|   3|0x0000000700d00000, 0x0000000700e00000, 0x0000000700e00000|100%|HS|  |TAMS 0x0000000700d00000, 0x0000000700d00000| Complete 
|   4|0x0000000700e00000, 0x0000000700f00000, 0x0000000700f00000|100%|HC|  |TAMS 0x0000000700e00000, 0x0000000700e00000| Complete 
|   5|0x0000000700f00000, 0x0000000701000000, 0x0000000701000000|100%|HC|  |TAMS 0x0000000700f00000, 0x0000000700f00000| Complete 
|   6|0x0000000701000000, 0x0000000701000000, 0x0000000701100000|  0%| F|  |TAMS 0x0000000701000000, 0x0000000701000000| Untracked 
|   7|0x0000000701100000, 0x0000000701100000, 0x0000000701200000|  0%| F|  |TAMS 0x0000000701100000, 0x0000000701100000| Untracked 
|   8|0x0000000701200000, 0x0000000701200000, 0x0000000701300000|  0%| F|  |TAMS 0x0000000701200000, 0x0000000701200000| Untracked 
|   9|0x0000000701300000, 0x0000000701300000, 0x0000000701400000|  0%| F|  |TAMS 0x0000000701300000, 0x0000000701300000| Untracked 
|  10|0x0000000701400000, 0x0000000701400000, 0x0000000701500000|  0%| F|  |TAMS 0x0000000701400000, 0x0000000701400000| Untracked 
|  11|0x0000000701500000, 0x0000000701500000, 0x0000000701600000|  0%| F|  |TAMS 0x0000000701500000, 0x0000000701500000| Untracked 
|  12|0x0000000701600000, 0x0000000701600000, 0x0000000701700000|  0%| F|  |TAMS 0x0000000701600000, 0x0000000701600000| Untracked 
|  13|0x0000000701700000, 0x0000000701700000, 0x0000000701800000|  0%| F|  |TAMS 0x0000000701700000, 0x0000000701700000| Untracked 
|  14|0x0000000701800000, 0x0000000701800000, 0x0000000701900000|  0%| F|  |TAMS 0x0000000701800000, 0x0000000701800000| Untracked 
|  15|0x0000000701900000, 0x0000000701900000, 0x0000000701a00000|  0%| F|  |TAMS 0x0000000701900000, 0x0000000701900000| Untracked 
|  16|0x0000000701a00000, 0x0000000701a00000, 0x0000000701b00000|  0%| F|  |TAMS 0x0000000701a00000, 0x0000000701a00000| Untracked 
|  17|0x0000000701b00000, 0x0000000701b00000, 0x0000000701c00000|  0%| F|  |TAMS 0x0000000701b00000, 0x0000000701b00000| Untracked 
|  18|0x0000000701c00000, 0x0000000701c00000, 0x0000000701d00000|  0%| F|  |TAMS 0x0000000701c00000, 0x0000000701c00000| Untracked 
|  19|0x0000000701d00000, 0x0000000701d00000, 0x0000000701e00000|  0%| F|  |TAMS 0x0000000701d00000, 0x0000000701d00000| Untracked 
|  20|0x0000000701e00000, 0x0000000701e00000, 0x0000000701f00000|  0%| F|  |TAMS 0x0000000701e00000, 0x0000000701e00000| Untracked 
|  21|0x0000000701f00000, 0x0000000701f00000, 0x0000000702000000|  0%| F|  |TAMS 0x0000000701f00000, 0x0000000701f00000| Untracked 
|  22|0x0000000702000000, 0x0000000702000000, 0x0000000702100000|  0%| F|  |TAMS 0x0000000702000000, 0x0000000702000000| Untracked 
|  23|0x0000000702100000, 0x0000000702100000, 0x0000000702200000|  0%| F|  |TAMS 0x0000000702100000, 0x0000000702100000| Untracked 
|  24|0x0000000702200000, 0x0000000702200000, 0x0000000702300000|  0%| F|  |TAMS 0x0000000702200000, 0x0000000702200000| Untracked 
|  25|0x0000000702300000, 0x0000000702300000, 0x0000000702400000|  0%| F|  |TAMS 0x0000000702300000, 0x0000000702300000| Untracked 
|  26|0x0000000702400000, 0x0000000702400000, 0x0000000702500000|  0%| F|  |TAMS 0x0000000702400000, 0x0000000702400000| Untracked 
|  27|0x0000000702500000, 0x0000000702500000, 0x0000000702600000|  0%| F|  |TAMS 0x0000000702500000, 0x0000000702500000| Untracked 
|  28|0x0000000702600000, 0x0000000702600000, 0x0000000702700000|  0%| F|  |TAMS 0x0000000702600000, 0x0000000702600000| Untracked 
|  29|0x0000000702700000, 0x0000000702700000, 0x0000000702800000|  0%| F|  |TAMS 0x0000000702700000, 0x0000000702700000| Untracked 
|  30|0x0000000702800000, 0x0000000702800000, 0x0000000702900000|  0%| F|  |TAMS 0x0000000702800000, 0x0000000702800000| Untracked 
|  31|0x0000000702900000, 0x0000000702900000, 0x0000000702a00000|  0%| F|  |TAMS 0x0000000702900000, 0x0000000702900000| Untracked 
|  32|0x0000000702a00000, 0x0000000702a00000, 0x0000000702b00000|  0%| F|  |TAMS 0x0000000702a00000, 0x0000000702a00000| Untracked 
|  33|0x0000000702b00000, 0x0000000702b00000, 0x0000000702c00000|  0%| F|  |TAMS 0x0000000702b00000, 0x0000000702b00000| Untracked 
|  34|0x0000000702c00000, 0x0000000702c00000, 0x0000000702d00000|  0%| F|  |TAMS 0x0000000702c00000, 0x0000000702c00000| Untracked 
|  35|0x0000000702d00000, 0x0000000702d00000, 0x0000000702e00000|  0%| F|  |TAMS 0x0000000702d00000, 0x0000000702d00000| Untracked 
|  36|0x0000000702e00000, 0x0000000702e00000, 0x0000000702f00000|  0%| F|  |TAMS 0x0000000702e00000, 0x0000000702e00000| Untracked 
|  37|0x0000000702f00000, 0x0000000702f00000, 0x0000000703000000|  0%| F|  |TAMS 0x0000000702f00000, 0x0000000702f00000| Untracked 
|  38|0x0000000703000000, 0x0000000703000000, 0x0000000703100000|  0%| F|  |TAMS 0x0000000703000000, 0x0000000703000000| Untracked 
|  39|0x0000000703100000, 0x0000000703100000, 0x0000000703200000|  0%| F|  |TAMS 0x0000000703100000, 0x0000000703100000| Untracked 
|  40|0x0000000703200000, 0x0000000703200000, 0x0000000703300000|  0%| F|  |TAMS 0x0000000703200000, 0x0000000703200000| Untracked 
|  41|0x0000000703300000, 0x0000000703300000, 0x0000000703400000|  0%| F|  |TAMS 0x0000000703300000, 0x0000000703300000| Untracked 
|  42|0x0000000703400000, 0x0000000703400000, 0x0000000703500000|  0%| F|  |TAMS 0x0000000703400000, 0x0000000703400000| Untracked 
|  43|0x0000000703500000, 0x0000000703500000, 0x0000000703600000|  0%| F|  |TAMS 0x0000000703500000, 0x0000000703500000| Untracked 
|  44|0x0000000703600000, 0x0000000703600000, 0x0000000703700000|  0%| F|  |TAMS 0x0000000703600000, 0x0000000703600000| Untracked 
|  45|0x0000000703700000, 0x0000000703700000, 0x0000000703800000|  0%| F|  |TAMS 0x0000000703700000, 0x0000000703700000| Untracked 
|  46|0x0000000703800000, 0x0000000703800000, 0x0000000703900000|  0%| F|  |TAMS 0x0000000703800000, 0x0000000703800000| Untracked 
|  47|0x0000000703900000, 0x0000000703900000, 0x0000000703a00000|  0%| F|  |TAMS 0x0000000703900000, 0x0000000703900000| Untracked 
|  48|0x0000000703a00000, 0x0000000703a00000, 0x0000000703b00000|  0%| F|  |TAMS 0x0000000703a00000, 0x0000000703a00000| Untracked 
|  49|0x0000000703b00000, 0x0000000703b00000, 0x0000000703c00000|  0%| F|  |TAMS 0x0000000703b00000, 0x0000000703b00000| Untracked 
|  50|0x0000000703c00000, 0x0000000703c00000, 0x0000000703d00000|  0%| F|  |TAMS 0x0000000703c00000, 0x0000000703c00000| Untracked 
|  51|0x0000000703d00000, 0x0000000703d00000, 0x0000000703e00000|  0%| F|  |TAMS 0x0000000703d00000, 0x0000000703d00000| Untracked 
|  52|0x0000000703e00000, 0x0000000703e00000, 0x0000000703f00000|  0%| F|  |TAMS 0x0000000703e00000, 0x0000000703e00000| Untracked 
|  53|0x0000000703f00000, 0x0000000703f00000, 0x0000000704000000|  0%| F|  |TAMS 0x0000000703f00000, 0x0000000703f00000| Untracked 
|  54|0x0000000704000000, 0x0000000704000000, 0x0000000704100000|  0%| F|  |TAMS 0x0000000704000000, 0x0000000704000000| Untracked 
|  55|0x0000000704100000, 0x0000000704100000, 0x0000000704200000|  0%| F|  |TAMS 0x0000000704100000, 0x0000000704100000| Untracked 
|  56|0x0000000704200000, 0x0000000704200000, 0x0000000704300000|  0%| F|  |TAMS 0x0000000704200000, 0x0000000704200000| Untracked 
|  57|0x0000000704300000, 0x0000000704300000, 0x0000000704400000|  0%| F|  |TAMS 0x0000000704300000, 0x0000000704300000| Untracked 
|  58|0x0000000704400000, 0x0000000704400000, 0x0000000704500000|  0%| F|  |TAMS 0x0000000704400000, 0x0000000704400000| Untracked 
|  59|0x0000000704500000, 0x0000000704500000, 0x0000000704600000|  0%| F|  |TAMS 0x0000000704500000, 0x0000000704500000| Untracked 
|  60|0x0000000704600000, 0x0000000704600000, 0x0000000704700000|  0%| F|  |TAMS 0x0000000704600000, 0x0000000704600000| Untracked 
|  61|0x0000000704700000, 0x0000000704700000, 0x0000000704800000|  0%| F|  |TAMS 0x0000000704700000, 0x0000000704700000| Untracked 
|  62|0x0000000704800000, 0x0000000704800000, 0x0000000704900000|  0%| F|  |TAMS 0x0000000704800000, 0x0000000704800000| Untracked 
|  63|0x0000000704900000, 0x0000000704900000, 0x0000000704a00000|  0%| F|  |TAMS 0x0000000704900000, 0x0000000704900000| Untracked 
|  64|0x0000000704a00000, 0x0000000704a00000, 0x0000000704b00000|  0%| F|  |TAMS 0x0000000704a00000, 0x0000000704a00000| Untracked 
|  65|0x0000000704b00000, 0x0000000704b00000, 0x0000000704c00000|  0%| F|  |TAMS 0x0000000704b00000, 0x0000000704b00000| Untracked 
|  66|0x0000000704c00000, 0x0000000704c00000, 0x0000000704d00000|  0%| F|  |TAMS 0x0000000704c00000, 0x0000000704c00000| Untracked 
|  67|0x0000000704d00000, 0x0000000704d00000, 0x0000000704e00000|  0%| F|  |TAMS 0x0000000704d00000, 0x0000000704d00000| Untracked 
|  68|0x0000000704e00000, 0x0000000704e00000, 0x0000000704f00000|  0%| F|  |TAMS 0x0000000704e00000, 0x0000000704e00000| Untracked 
|  69|0x0000000704f00000, 0x0000000704f00000, 0x0000000705000000|  0%| F|  |TAMS 0x0000000704f00000, 0x0000000704f00000| Untracked 
|  70|0x0000000705000000, 0x0000000705000000, 0x0000000705100000|  0%| F|  |TAMS 0x0000000705000000, 0x0000000705000000| Untracked 
|  71|0x0000000705100000, 0x0000000705100000, 0x0000000705200000|  0%| F|  |TAMS 0x0000000705100000, 0x0000000705100000| Untracked 
|  72|0x0000000705200000, 0x0000000705200000, 0x0000000705300000|  0%| F|  |TAMS 0x0000000705200000, 0x0000000705200000| Untracked 
|  73|0x0000000705300000, 0x0000000705300000, 0x0000000705400000|  0%| F|  |TAMS 0x0000000705300000, 0x0000000705300000| Untracked 
|  74|0x0000000705400000, 0x0000000705400000, 0x0000000705500000|  0%| F|  |TAMS 0x0000000705400000, 0x0000000705400000| Untracked 
|  75|0x0000000705500000, 0x0000000705500000, 0x0000000705600000|  0%| F|  |TAMS 0x0000000705500000, 0x0000000705500000| Untracked 
|  76|0x0000000705600000, 0x0000000705600000, 0x0000000705700000|  0%| F|  |TAMS 0x0000000705600000, 0x0000000705600000| Untracked 
|  77|0x0000000705700000, 0x0000000705700000, 0x0000000705800000|  0%| F|  |TAMS 0x0000000705700000, 0x0000000705700000| Untracked 
|  78|0x0000000705800000, 0x0000000705800000, 0x0000000705900000|  0%| F|  |TAMS 0x0000000705800000, 0x0000000705800000| Untracked 
|  79|0x0000000705900000, 0x0000000705900000, 0x0000000705a00000|  0%| F|  |TAMS 0x0000000705900000, 0x0000000705900000| Untracked 
|  80|0x0000000705a00000, 0x0000000705a00000, 0x0000000705b00000|  0%| F|  |TAMS 0x0000000705a00000, 0x0000000705a00000| Untracked 
|  81|0x0000000705b00000, 0x0000000705b00000, 0x0000000705c00000|  0%| F|  |TAMS 0x0000000705b00000, 0x0000000705b00000| Untracked 
|  82|0x0000000705c00000, 0x0000000705c00000, 0x0000000705d00000|  0%| F|  |TAMS 0x0000000705c00000, 0x0000000705c00000| Untracked 
|  83|0x0000000705d00000, 0x0000000705d00000, 0x0000000705e00000|  0%| F|  |TAMS 0x0000000705d00000, 0x0000000705d00000| Untracked 
|  84|0x0000000705e00000, 0x0000000705e00000, 0x0000000705f00000|  0%| F|  |TAMS 0x0000000705e00000, 0x0000000705e00000| Untracked 
|  85|0x0000000705f00000, 0x0000000705f00000, 0x0000000706000000|  0%| F|  |TAMS 0x0000000705f00000, 0x0000000705f00000| Untracked 
|  86|0x0000000706000000, 0x0000000706000000, 0x0000000706100000|  0%| F|  |TAMS 0x0000000706000000, 0x0000000706000000| Untracked 
|  87|0x0000000706100000, 0x0000000706100000, 0x0000000706200000|  0%| F|  |TAMS 0x0000000706100000, 0x0000000706100000| Untracked 
|  88|0x0000000706200000, 0x0000000706200000, 0x0000000706300000|  0%| F|  |TAMS 0x0000000706200000, 0x0000000706200000| Untracked 
|  89|0x0000000706300000, 0x0000000706300000, 0x0000000706400000|  0%| F|  |TAMS 0x0000000706300000, 0x0000000706300000| Untracked 
|  90|0x0000000706400000, 0x0000000706400000, 0x0000000706500000|  0%| F|  |TAMS 0x0000000706400000, 0x0000000706400000| Untracked 
|  91|0x0000000706500000, 0x0000000706500000, 0x0000000706600000|  0%| F|  |TAMS 0x0000000706500000, 0x0000000706500000| Untracked 
|  92|0x0000000706600000, 0x0000000706600000, 0x0000000706700000|  0%| F|  |TAMS 0x0000000706600000, 0x0000000706600000| Untracked 
|  93|0x0000000706700000, 0x0000000706700000, 0x0000000706800000|  0%| F|  |TAMS 0x0000000706700000, 0x0000000706700000| Untracked 
|  94|0x0000000706800000, 0x0000000706800000, 0x0000000706900000|  0%| F|  |TAMS 0x0000000706800000, 0x0000000706800000| Untracked 
|  95|0x0000000706900000, 0x0000000706900000, 0x0000000706a00000|  0%| F|  |TAMS 0x0000000706900000, 0x0000000706900000| Untracked 
|  96|0x0000000706a00000, 0x0000000706a00000, 0x0000000706b00000|  0%| F|  |TAMS 0x0000000706a00000, 0x0000000706a00000| Untracked 
|  97|0x0000000706b00000, 0x0000000706b00000, 0x0000000706c00000|  0%| F|  |TAMS 0x0000000706b00000, 0x0000000706b00000| Untracked 
|  98|0x0000000706c00000, 0x0000000706c00000, 0x0000000706d00000|  0%| F|  |TAMS 0x0000000706c00000, 0x0000000706c00000| Untracked 
|  99|0x0000000706d00000, 0x0000000706d00000, 0x0000000706e00000|  0%| F|  |TAMS 0x0000000706d00000, 0x0000000706d00000| Untracked 
| 100|0x0000000706e00000, 0x0000000706e00000, 0x0000000706f00000|  0%| F|  |TAMS 0x0000000706e00000, 0x0000000706e00000| Untracked 
| 101|0x0000000706f00000, 0x0000000706f00000, 0x0000000707000000|  0%| F|  |TAMS 0x0000000706f00000, 0x0000000706f00000| Untracked 
| 102|0x0000000707000000, 0x0000000707000000, 0x0000000707100000|  0%| F|  |TAMS 0x0000000707000000, 0x0000000707000000| Untracked 
| 103|0x0000000707100000, 0x0000000707100000, 0x0000000707200000|  0%| F|  |TAMS 0x0000000707100000, 0x0000000707100000| Untracked 
| 104|0x0000000707200000, 0x0000000707200000, 0x0000000707300000|  0%| F|  |TAMS 0x0000000707200000, 0x0000000707200000| Untracked 
| 105|0x0000000707300000, 0x0000000707300000, 0x0000000707400000|  0%| F|  |TAMS 0x0000000707300000, 0x0000000707300000| Untracked 
| 106|0x0000000707400000, 0x0000000707400000, 0x0000000707500000|  0%| F|  |TAMS 0x0000000707400000, 0x0000000707400000| Untracked 
| 107|0x0000000707500000, 0x0000000707500000, 0x0000000707600000|  0%| F|  |TAMS 0x0000000707500000, 0x0000000707500000| Untracked 
| 108|0x0000000707600000, 0x0000000707600000, 0x0000000707700000|  0%| F|  |TAMS 0x0000000707600000, 0x0000000707600000| Untracked 
| 109|0x0000000707700000, 0x0000000707700000, 0x0000000707800000|  0%| F|  |TAMS 0x0000000707700000, 0x0000000707700000| Untracked 
| 110|0x0000000707800000, 0x0000000707800000, 0x0000000707900000|  0%| F|  |TAMS 0x0000000707800000, 0x0000000707800000| Untracked 
| 111|0x0000000707900000, 0x0000000707900000, 0x0000000707a00000|  0%| F|  |TAMS 0x0000000707900000, 0x0000000707900000| Untracked 
| 112|0x0000000707a00000, 0x0000000707a00000, 0x0000000707b00000|  0%| F|  |TAMS 0x0000000707a00000, 0x0000000707a00000| Untracked 
| 113|0x0000000707b00000, 0x0000000707b00000, 0x0000000707c00000|  0%| F|  |TAMS 0x0000000707b00000, 0x0000000707b00000| Untracked 
| 114|0x0000000707c00000, 0x0000000707c00000, 0x0000000707d00000|  0%| F|  |TAMS 0x0000000707c00000, 0x0000000707c00000| Untracked 
| 115|0x0000000707d00000, 0x0000000707d00000, 0x0000000707e00000|  0%| F|  |TAMS 0x0000000707d00000, 0x0000000707d00000| Untracked 
| 116|0x0000000707e00000, 0x0000000707e00000, 0x0000000707f00000|  0%| F|  |TAMS 0x0000000707e00000, 0x0000000707e00000| Untracked 
| 117|0x0000000707f00000, 0x0000000707f00000, 0x0000000708000000|  0%| F|  |TAMS 0x0000000707f00000, 0x0000000707f00000| Untracked 
| 118|0x0000000708000000, 0x0000000708000000, 0x0000000708100000|  0%| F|  |TAMS 0x0000000708000000, 0x0000000708000000| Untracked 
| 119|0x0000000708100000, 0x0000000708100000, 0x0000000708200000|  0%| F|  |TAMS 0x0000000708100000, 0x0000000708100000| Untracked 
| 120|0x0000000708200000, 0x0000000708200000, 0x0000000708300000|  0%| F|  |TAMS 0x0000000708200000, 0x0000000708200000| Untracked 
| 121|0x0000000708300000, 0x0000000708300000, 0x0000000708400000|  0%| F|  |TAMS 0x0000000708300000, 0x0000000708300000| Untracked 
| 122|0x0000000708400000, 0x0000000708400000, 0x0000000708500000|  0%| F|  |TAMS 0x0000000708400000, 0x0000000708400000| Untracked 
| 123|0x0000000708500000, 0x0000000708500000, 0x0000000708600000|  0%| F|  |TAMS 0x0000000708500000, 0x0000000708500000| Untracked 
| 124|0x0000000708600000, 0x0000000708600000, 0x0000000708700000|  0%| F|  |TAMS 0x0000000708600000, 0x0000000708600000| Untracked 
| 125|0x0000000708700000, 0x0000000708700000, 0x0000000708800000|  0%| F|  |TAMS 0x0000000708700000, 0x0000000708700000| Untracked 
| 126|0x0000000708800000, 0x0000000708800000, 0x0000000708900000|  0%| F|  |TAMS 0x0000000708800000, 0x0000000708800000| Untracked 
| 127|0x0000000708900000, 0x0000000708900000, 0x0000000708a00000|  0%| F|  |TAMS 0x0000000708900000, 0x0000000708900000| Untracked 
| 128|0x0000000708a00000, 0x0000000708a00000, 0x0000000708b00000|  0%| F|  |TAMS 0x0000000708a00000, 0x0000000708a00000| Untracked 
| 129|0x0000000708b00000, 0x0000000708b00000, 0x0000000708c00000|  0%| F|  |TAMS 0x0000000708b00000, 0x0000000708b00000| Untracked 
| 130|0x0000000708c00000, 0x0000000708c00000, 0x0000000708d00000|  0%| F|  |TAMS 0x0000000708c00000, 0x0000000708c00000| Untracked 
| 131|0x0000000708d00000, 0x0000000708d00000, 0x0000000708e00000|  0%| F|  |TAMS 0x0000000708d00000, 0x0000000708d00000| Untracked 
| 132|0x0000000708e00000, 0x0000000708e00000, 0x0000000708f00000|  0%| F|  |TAMS 0x0000000708e00000, 0x0000000708e00000| Untracked 
| 133|0x0000000708f00000, 0x0000000708f00000, 0x0000000709000000|  0%| F|  |TAMS 0x0000000708f00000, 0x0000000708f00000| Untracked 
| 134|0x0000000709000000, 0x0000000709000000, 0x0000000709100000|  0%| F|  |TAMS 0x0000000709000000, 0x0000000709000000| Untracked 
| 135|0x0000000709100000, 0x0000000709100000, 0x0000000709200000|  0%| F|  |TAMS 0x0000000709100000, 0x0000000709100000| Untracked 
| 136|0x0000000709200000, 0x0000000709200000, 0x0000000709300000|  0%| F|  |TAMS 0x0000000709200000, 0x0000000709200000| Untracked 
| 137|0x0000000709300000, 0x0000000709300000, 0x0000000709400000|  0%| F|  |TAMS 0x0000000709300000, 0x0000000709300000| Untracked 
| 138|0x0000000709400000, 0x0000000709400000, 0x0000000709500000|  0%| F|  |TAMS 0x0000000709400000, 0x0000000709400000| Untracked 
| 139|0x0000000709500000, 0x0000000709500000, 0x0000000709600000|  0%| F|  |TAMS 0x0000000709500000, 0x0000000709500000| Untracked 
| 140|0x0000000709600000, 0x0000000709600000, 0x0000000709700000|  0%| F|  |TAMS 0x0000000709600000, 0x0000000709600000| Untracked 
| 141|0x0000000709700000, 0x0000000709700000, 0x0000000709800000|  0%| F|  |TAMS 0x0000000709700000, 0x0000000709700000| Untracked 
| 142|0x0000000709800000, 0x0000000709800000, 0x0000000709900000|  0%| F|  |TAMS 0x0000000709800000, 0x0000000709800000| Untracked 
| 143|0x0000000709900000, 0x0000000709900000, 0x0000000709a00000|  0%| F|  |TAMS 0x0000000709900000, 0x0000000709900000| Untracked 
| 144|0x0000000709a00000, 0x0000000709a00000, 0x0000000709b00000|  0%| F|  |TAMS 0x0000000709a00000, 0x0000000709a00000| Untracked 
| 145|0x0000000709b00000, 0x0000000709b00000, 0x0000000709c00000|  0%| F|  |TAMS 0x0000000709b00000, 0x0000000709b00000| Untracked 
| 146|0x0000000709c00000, 0x0000000709c00000, 0x0000000709d00000|  0%| F|  |TAMS 0x0000000709c00000, 0x0000000709c00000| Untracked 
| 147|0x0000000709d00000, 0x0000000709d00000, 0x0000000709e00000|  0%| F|  |TAMS 0x0000000709d00000, 0x0000000709d00000| Untracked 
| 148|0x0000000709e00000, 0x0000000709e00000, 0x0000000709f00000|  0%| F|  |TAMS 0x0000000709e00000, 0x0000000709e00000| Untracked 
| 149|0x0000000709f00000, 0x0000000709f00000, 0x000000070a000000|  0%| F|  |TAMS 0x0000000709f00000, 0x0000000709f00000| Untracked 
| 150|0x000000070a000000, 0x000000070a000000, 0x000000070a100000|  0%| F|  |TAMS 0x000000070a000000, 0x000000070a000000| Untracked 
| 151|0x000000070a100000, 0x000000070a100000, 0x000000070a200000|  0%| F|  |TAMS 0x000000070a100000, 0x000000070a100000| Untracked 
| 152|0x000000070a200000, 0x000000070a200000, 0x000000070a300000|  0%| F|  |TAMS 0x000000070a200000, 0x000000070a200000| Untracked 
| 153|0x000000070a300000, 0x000000070a300000, 0x000000070a400000|  0%| F|  |TAMS 0x000000070a300000, 0x000000070a300000| Untracked 
| 154|0x000000070a400000, 0x000000070a400000, 0x000000070a500000|  0%| F|  |TAMS 0x000000070a400000, 0x000000070a400000| Untracked 
| 155|0x000000070a500000, 0x000000070a500000, 0x000000070a600000|  0%| F|  |TAMS 0x000000070a500000, 0x000000070a500000| Untracked 
| 156|0x000000070a600000, 0x000000070a600000, 0x000000070a700000|  0%| F|  |TAMS 0x000000070a600000, 0x000000070a600000| Untracked 
| 157|0x000000070a700000, 0x000000070a700000, 0x000000070a800000|  0%| F|  |TAMS 0x000000070a700000, 0x000000070a700000| Untracked 
| 158|0x000000070a800000, 0x000000070a800000, 0x000000070a900000|  0%| F|  |TAMS 0x000000070a800000, 0x000000070a800000| Untracked 
| 159|0x000000070a900000, 0x000000070a900000, 0x000000070aa00000|  0%| F|  |TAMS 0x000000070a900000, 0x000000070a900000| Untracked 
| 160|0x000000070aa00000, 0x000000070aa00000, 0x000000070ab00000|  0%| F|  |TAMS 0x000000070aa00000, 0x000000070aa00000| Untracked 
| 161|0x000000070ab00000, 0x000000070ab00000, 0x000000070ac00000|  0%| F|  |TAMS 0x000000070ab00000, 0x000000070ab00000| Untracked 
| 162|0x000000070ac00000, 0x000000070ac00000, 0x000000070ad00000|  0%| F|  |TAMS 0x000000070ac00000, 0x000000070ac00000| Untracked 
| 163|0x000000070ad00000, 0x000000070ad00000, 0x000000070ae00000|  0%| F|  |TAMS 0x000000070ad00000, 0x000000070ad00000| Untracked 
| 164|0x000000070ae00000, 0x000000070ae00000, 0x000000070af00000|  0%| F|  |TAMS 0x000000070ae00000, 0x000000070ae00000| Untracked 
| 165|0x000000070af00000, 0x000000070af00000, 0x000000070b000000|  0%| F|  |TAMS 0x000000070af00000, 0x000000070af00000| Untracked 
| 166|0x000000070b000000, 0x000000070b000000, 0x000000070b100000|  0%| F|  |TAMS 0x000000070b000000, 0x000000070b000000| Untracked 
| 167|0x000000070b100000, 0x000000070b100000, 0x000000070b200000|  0%| F|  |TAMS 0x000000070b100000, 0x000000070b100000| Untracked 
| 168|0x000000070b200000, 0x000000070b200000, 0x000000070b300000|  0%| F|  |TAMS 0x000000070b200000, 0x000000070b200000| Untracked 
| 169|0x000000070b300000, 0x000000070b300000, 0x000000070b400000|  0%| F|  |TAMS 0x000000070b300000, 0x000000070b300000| Untracked 
| 170|0x000000070b400000, 0x000000070b400000, 0x000000070b500000|  0%| F|  |TAMS 0x000000070b400000, 0x000000070b400000| Untracked 
| 171|0x000000070b500000, 0x000000070b500000, 0x000000070b600000|  0%| F|  |TAMS 0x000000070b500000, 0x000000070b500000| Untracked 
| 172|0x000000070b600000, 0x000000070b600000, 0x000000070b700000|  0%| F|  |TAMS 0x000000070b600000, 0x000000070b600000| Untracked 
| 173|0x000000070b700000, 0x000000070b700000, 0x000000070b800000|  0%| F|  |TAMS 0x000000070b700000, 0x000000070b700000| Untracked 
| 174|0x000000070b800000, 0x000000070b800000, 0x000000070b900000|  0%| F|  |TAMS 0x000000070b800000, 0x000000070b800000| Untracked 
| 175|0x000000070b900000, 0x000000070b900000, 0x000000070ba00000|  0%| F|  |TAMS 0x000000070b900000, 0x000000070b900000| Untracked 
| 176|0x000000070ba00000, 0x000000070ba00000, 0x000000070bb00000|  0%| F|  |TAMS 0x000000070ba00000, 0x000000070ba00000| Untracked 
| 177|0x000000070bb00000, 0x000000070bb00000, 0x000000070bc00000|  0%| F|  |TAMS 0x000000070bb00000, 0x000000070bb00000| Untracked 
| 178|0x000000070bc00000, 0x000000070bc00000, 0x000000070bd00000|  0%| F|  |TAMS 0x000000070bc00000, 0x000000070bc00000| Untracked 
| 179|0x000000070bd00000, 0x000000070bd00000, 0x000000070be00000|  0%| F|  |TAMS 0x000000070bd00000, 0x000000070bd00000| Untracked 
| 180|0x000000070be00000, 0x000000070be00000, 0x000000070bf00000|  0%| F|  |TAMS 0x000000070be00000, 0x000000070be00000| Untracked 
| 181|0x000000070bf00000, 0x000000070bf00000, 0x000000070c000000|  0%| F|  |TAMS 0x000000070bf00000, 0x000000070bf00000| Untracked 
| 182|0x000000070c000000, 0x000000070c000000, 0x000000070c100000|  0%| F|  |TAMS 0x000000070c000000, 0x000000070c000000| Untracked 
| 183|0x000000070c100000, 0x000000070c100000, 0x000000070c200000|  0%| F|  |TAMS 0x000000070c100000, 0x000000070c100000| Untracked 
| 184|0x000000070c200000, 0x000000070c200000, 0x000000070c300000|  0%| F|  |TAMS 0x000000070c200000, 0x000000070c200000| Untracked 
| 185|0x000000070c300000, 0x000000070c300000, 0x000000070c400000|  0%| F|  |TAMS 0x000000070c300000, 0x000000070c300000| Untracked 
| 186|0x000000070c400000, 0x000000070c400000, 0x000000070c500000|  0%| F|  |TAMS 0x000000070c400000, 0x000000070c400000| Untracked 
| 187|0x000000070c500000, 0x000000070c500000, 0x000000070c600000|  0%| F|  |TAMS 0x000000070c500000, 0x000000070c500000| Untracked 
| 188|0x000000070c600000, 0x000000070c600000, 0x000000070c700000|  0%| F|  |TAMS 0x000000070c600000, 0x000000070c600000| Untracked 
| 189|0x000000070c700000, 0x000000070c700000, 0x000000070c800000|  0%| F|  |TAMS 0x000000070c700000, 0x000000070c700000| Untracked 
| 190|0x000000070c800000, 0x000000070c800000, 0x000000070c900000|  0%| F|  |TAMS 0x000000070c800000, 0x000000070c800000| Untracked 
| 191|0x000000070c900000, 0x000000070c900000, 0x000000070ca00000|  0%| F|  |TAMS 0x000000070c900000, 0x000000070c900000| Untracked 
| 192|0x000000070ca00000, 0x000000070ca00000, 0x000000070cb00000|  0%| F|  |TAMS 0x000000070ca00000, 0x000000070ca00000| Untracked 
| 193|0x000000070cb00000, 0x000000070cb00000, 0x000000070cc00000|  0%| F|  |TAMS 0x000000070cb00000, 0x000000070cb00000| Untracked 
| 194|0x000000070cc00000, 0x000000070cc00000, 0x000000070cd00000|  0%| F|  |TAMS 0x000000070cc00000, 0x000000070cc00000| Untracked 
| 195|0x000000070cd00000, 0x000000070cd00000, 0x000000070ce00000|  0%| F|  |TAMS 0x000000070cd00000, 0x000000070cd00000| Untracked 
| 196|0x000000070ce00000, 0x000000070ce00000, 0x000000070cf00000|  0%| F|  |TAMS 0x000000070ce00000, 0x000000070ce00000| Untracked 
| 197|0x000000070cf00000, 0x000000070cf00000, 0x000000070d000000|  0%| F|  |TAMS 0x000000070cf00000, 0x000000070cf00000| Untracked 
| 198|0x000000070d000000, 0x000000070d000000, 0x000000070d100000|  0%| F|  |TAMS 0x000000070d000000, 0x000000070d000000| Untracked 
| 199|0x000000070d100000, 0x000000070d100000, 0x000000070d200000|  0%| F|  |TAMS 0x000000070d100000, 0x000000070d100000| Untracked 
| 200|0x000000070d200000, 0x000000070d200000, 0x000000070d300000|  0%| F|  |TAMS 0x000000070d200000, 0x000000070d200000| Untracked 
| 201|0x000000070d300000, 0x000000070d300000, 0x000000070d400000|  0%| F|  |TAMS 0x000000070d300000, 0x000000070d300000| Untracked 
| 202|0x000000070d400000, 0x000000070d400000, 0x000000070d500000|  0%| F|  |TAMS 0x000000070d400000, 0x000000070d400000| Untracked 
| 203|0x000000070d500000, 0x000000070d500000, 0x000000070d600000|  0%| F|  |TAMS 0x000000070d500000, 0x000000070d500000| Untracked 
| 204|0x000000070d600000, 0x000000070d600000, 0x000000070d700000|  0%| F|  |TAMS 0x000000070d600000, 0x000000070d600000| Untracked 
| 205|0x000000070d700000, 0x000000070d700000, 0x000000070d800000|  0%| F|  |TAMS 0x000000070d700000, 0x000000070d700000| Untracked 
| 206|0x000000070d800000, 0x000000070d800000, 0x000000070d900000|  0%| F|  |TAMS 0x000000070d800000, 0x000000070d800000| Untracked 
| 207|0x000000070d900000, 0x000000070d900000, 0x000000070da00000|  0%| F|  |TAMS 0x000000070d900000, 0x000000070d900000| Untracked 
| 208|0x000000070da00000, 0x000000070da00000, 0x000000070db00000|  0%| F|  |TAMS 0x000000070da00000, 0x000000070da00000| Untracked 
| 209|0x000000070db00000, 0x000000070db00000, 0x000000070dc00000|  0%| F|  |TAMS 0x000000070db00000, 0x000000070db00000| Untracked 
| 210|0x000000070dc00000, 0x000000070dc06020, 0x000000070dd00000|  2%| S|CS|TAMS 0x000000070dc00000, 0x000000070dc00000| Complete 
| 211|0x000000070dd00000, 0x000000070de00000, 0x000000070de00000|100%| S|CS|TAMS 0x000000070dd00000, 0x000000070dd00000| Complete 
| 212|0x000000070de00000, 0x000000070df00000, 0x000000070df00000|100%| S|CS|TAMS 0x000000070de00000, 0x000000070de00000| Complete 
| 213|0x000000070df00000, 0x000000070e000000, 0x000000070e000000|100%| S|CS|TAMS 0x000000070df00000, 0x000000070df00000| Complete 
| 214|0x000000070e000000, 0x000000070e100000, 0x000000070e100000|100%| S|CS|TAMS 0x000000070e000000, 0x000000070e000000| Complete 
| 215|0x000000070e100000, 0x000000070e200000, 0x000000070e200000|100%| S|CS|TAMS 0x000000070e100000, 0x000000070e100000| Complete 
| 216|0x000000070e200000, 0x000000070e300000, 0x000000070e300000|100%| S|CS|TAMS 0x000000070e200000, 0x000000070e200000| Complete 
| 217|0x000000070e300000, 0x000000070e300000, 0x000000070e400000|  0%| F|  |TAMS 0x000000070e300000, 0x000000070e300000| Untracked 
| 218|0x000000070e400000, 0x000000070e400000, 0x000000070e500000|  0%| F|  |TAMS 0x000000070e400000, 0x000000070e400000| Untracked 
| 219|0x000000070e500000, 0x000000070e500000, 0x000000070e600000|  0%| F|  |TAMS 0x000000070e500000, 0x000000070e500000| Untracked 
| 220|0x000000070e600000, 0x000000070e600000, 0x000000070e700000|  0%| F|  |TAMS 0x000000070e600000, 0x000000070e600000| Untracked 
| 221|0x000000070e700000, 0x000000070e700000, 0x000000070e800000|  0%| F|  |TAMS 0x000000070e700000, 0x000000070e700000| Untracked 
| 222|0x000000070e800000, 0x000000070e800000, 0x000000070e900000|  0%| F|  |TAMS 0x000000070e800000, 0x000000070e800000| Untracked 
| 223|0x000000070e900000, 0x000000070e900000, 0x000000070ea00000|  0%| F|  |TAMS 0x000000070e900000, 0x000000070e900000| Untracked 
| 224|0x000000070ea00000, 0x000000070ea00000, 0x000000070eb00000|  0%| F|  |TAMS 0x000000070ea00000, 0x000000070ea00000| Untracked 
| 225|0x000000070eb00000, 0x000000070eb00000, 0x000000070ec00000|  0%| F|  |TAMS 0x000000070eb00000, 0x000000070eb00000| Untracked 
| 226|0x000000070ec00000, 0x000000070ec00000, 0x000000070ed00000|  0%| F|  |TAMS 0x000000070ec00000, 0x000000070ec00000| Untracked 
| 227|0x000000070ed00000, 0x000000070ed00000, 0x000000070ee00000|  0%| F|  |TAMS 0x000000070ed00000, 0x000000070ed00000| Untracked 
| 228|0x000000070ee00000, 0x000000070ee00000, 0x000000070ef00000|  0%| F|  |TAMS 0x000000070ee00000, 0x000000070ee00000| Untracked 
| 229|0x000000070ef00000, 0x000000070ef00000, 0x000000070f000000|  0%| F|  |TAMS 0x000000070ef00000, 0x000000070ef00000| Untracked 
| 230|0x000000070f000000, 0x000000070f000000, 0x000000070f100000|  0%| F|  |TAMS 0x000000070f000000, 0x000000070f000000| Untracked 
| 231|0x000000070f100000, 0x000000070f100000, 0x000000070f200000|  0%| F|  |TAMS 0x000000070f100000, 0x000000070f100000| Untracked 
| 232|0x000000070f200000, 0x000000070f300000, 0x000000070f300000|100%| E|  |TAMS 0x000000070f200000, 0x000000070f200000| Complete 
| 233|0x000000070f300000, 0x000000070f400000, 0x000000070f400000|100%| E|CS|TAMS 0x000000070f300000, 0x000000070f300000| Complete 
| 234|0x000000070f400000, 0x000000070f500000, 0x000000070f500000|100%| E|CS|TAMS 0x000000070f400000, 0x000000070f400000| Complete 
| 235|0x000000070f500000, 0x000000070f600000, 0x000000070f600000|100%| E|CS|TAMS 0x000000070f500000, 0x000000070f500000| Complete 
| 236|0x000000070f600000, 0x000000070f700000, 0x000000070f700000|100%| E|CS|TAMS 0x000000070f600000, 0x000000070f600000| Complete 
| 237|0x000000070f700000, 0x000000070f800000, 0x000000070f800000|100%| E|CS|TAMS 0x000000070f700000, 0x000000070f700000| Complete 
| 238|0x000000070f800000, 0x000000070f900000, 0x000000070f900000|100%| E|CS|TAMS 0x000000070f800000, 0x000000070f800000| Complete 
| 239|0x000000070f900000, 0x000000070fa00000, 0x000000070fa00000|100%| E|CS|TAMS 0x000000070f900000, 0x000000070f900000| Complete 
| 240|0x000000070fa00000, 0x000000070fb00000, 0x000000070fb00000|100%| E|CS|TAMS 0x000000070fa00000, 0x000000070fa00000| Complete 
| 241|0x000000070fb00000, 0x000000070fc00000, 0x000000070fc00000|100%| E|CS|TAMS 0x000000070fb00000, 0x000000070fb00000| Complete 
| 242|0x000000070fc00000, 0x000000070fd00000, 0x000000070fd00000|100%| E|CS|TAMS 0x000000070fc00000, 0x000000070fc00000| Complete 
| 243|0x000000070fd00000, 0x000000070fe00000, 0x000000070fe00000|100%| E|CS|TAMS 0x000000070fd00000, 0x000000070fd00000| Complete 
| 244|0x000000070fe00000, 0x000000070ff00000, 0x000000070ff00000|100%| E|CS|TAMS 0x000000070fe00000, 0x000000070fe00000| Complete 
| 245|0x000000070ff00000, 0x0000000710000000, 0x0000000710000000|100%| E|CS|TAMS 0x000000070ff00000, 0x000000070ff00000| Complete 
| 246|0x0000000710000000, 0x0000000710100000, 0x0000000710100000|100%| E|CS|TAMS 0x0000000710000000, 0x0000000710000000| Complete 
| 247|0x0000000710100000, 0x0000000710200000, 0x0000000710200000|100%| E|CS|TAMS 0x0000000710100000, 0x0000000710100000| Complete 
| 248|0x0000000710200000, 0x0000000710300000, 0x0000000710300000|100%| E|CS|TAMS 0x0000000710200000, 0x0000000710200000| Complete 
| 249|0x0000000710300000, 0x0000000710400000, 0x0000000710400000|100%| E|CS|TAMS 0x0000000710300000, 0x0000000710300000| Complete 
| 250|0x0000000710400000, 0x0000000710500000, 0x0000000710500000|100%| E|CS|TAMS 0x0000000710400000, 0x0000000710400000| Complete 
| 251|0x0000000710500000, 0x0000000710600000, 0x0000000710600000|100%| E|CS|TAMS 0x0000000710500000, 0x0000000710500000| Complete 
| 252|0x0000000710600000, 0x0000000710700000, 0x0000000710700000|100%| E|CS|TAMS 0x0000000710600000, 0x0000000710600000| Complete 
| 253|0x0000000710700000, 0x0000000710800000, 0x0000000710800000|100%| E|CS|TAMS 0x0000000710700000, 0x0000000710700000| Complete 
| 254|0x0000000710800000, 0x0000000710900000, 0x0000000710900000|100%| E|CS|TAMS 0x0000000710800000, 0x0000000710800000| Complete 
| 255|0x0000000710900000, 0x0000000710a00000, 0x0000000710a00000|100%| E|CS|TAMS 0x0000000710900000, 0x0000000710900000| Complete 

Card table byte_map: [0x0000023960740000,0x0000023960f40000] _byte_map_base: 0x000002395cf3b000

Marking Bits (Prev, Next): (CMBitMap*) 0x000002394d174030, (CMBitMap*) 0x000002394d173ff8
 Prev Bits: [0x0000023965720000, 0x00000239696f8000)
 Next Bits: [0x0000023961740000, 0x0000023965718000)

Polling page: 0x000002394c8f0000

Metaspace:

Usage:
  Non-class:     24.74 MB capacity,    24.45 MB ( 99%) used,   246.34 KB ( <1%) free+waste,    44.25 KB ( <1%) overhead. 
      Class:      3.20 MB capacity,     3.02 MB ( 94%) used,   170.57 KB (  5%) free+waste,    21.25 KB ( <1%) overhead. 
       Both:     27.94 MB capacity,    27.47 MB ( 98%) used,   416.91 KB (  1%) free+waste,    65.50 KB ( <1%) overhead. 

Virtual space:
  Non-class space:       28.00 MB reserved,      24.92 MB ( 89%) committed 
      Class space:        1.00 GB reserved,       3.25 MB ( <1%) committed 
             Both:        1.03 GB reserved,      28.17 MB (  3%) committed 

Chunk freelists:
   Non-Class:  0 bytes
       Class:  15.00 KB
        Both:  15.00 KB

MaxMetaspaceSize: 17179869184.00 GB
CompressedClassSpaceSize: 1.00 GB

CodeHeap 'non-profiled nmethods': size=120000Kb used=707Kb max_used=707Kb free=119292Kb
 bounds [0x00000239586e0000, 0x0000023958950000, 0x000002395fc10000]
CodeHeap 'profiled nmethods': size=120000Kb used=3798Kb max_used=3798Kb free=116201Kb
 bounds [0x00000239511b0000, 0x0000023951570000, 0x00000239586e0000]
CodeHeap 'non-nmethods': size=5760Kb used=1169Kb max_used=1190Kb free=4590Kb
 bounds [0x0000023950c10000, 0x0000023950e80000, 0x00000239511b0000]
 total_blobs=2564 nmethods=2058 adapters=417
 compilation: enabled
              stopped_count=0, restarted_count=0
 full_count=0

Compilation events (20 events):
Event: 1.038 Thread 0x000002396cb91000 2045       3       jdk.internal.org.objectweb.asm.MethodWriter::visitMaxs (1144 bytes)
Event: 1.040 Thread 0x000002396cb91000 nmethod 2045 0x0000023951558690 code [0x0000023951558ba0, 0x000002395155b668]
Event: 1.040 Thread 0x000002396cb91000 2044       3       jdk.internal.org.objectweb.asm.MethodVisitor::<init> (7 bytes)
Event: 1.040 Thread 0x000002396cb91000 nmethod 2044 0x000002395155cf90 code [0x000002395155d160, 0x000002395155d4a8]
Event: 1.040 Thread 0x000002396cb91000 2046       3       jdk.internal.org.objectweb.asm.MethodWriter::visitEnd (1 bytes)
Event: 1.040 Thread 0x000002396cb91000 nmethod 2046 0x000002395155d610 code [0x000002395155d7c0, 0x000002395155d8b8]
Event: 1.040 Thread 0x000002396cb91000 2042       3       java.lang.invoke.MethodHandleNatives::findMethodHandleType (7 bytes)
Event: 1.040 Thread 0x000002396cb91000 nmethod 2042 0x000002395155d990 code [0x000002395155db40, 0x000002395155dc48]
Event: 1.040 Thread 0x000002396cb91000 2043       3       java.lang.invoke.DirectMethodHandle::preparedLambdaForm (31 bytes)
Event: 1.040 Thread 0x000002396cb91000 nmethod 2043 0x000002395155dd10 code [0x000002395155df00, 0x000002395155e128]
Event: 1.040 Thread 0x000002396cb91000 2047       1       java.lang.reflect.Constructor::getRoot (5 bytes)
Event: 1.040 Thread 0x000002396cb91000 nmethod 2047 0x000002395878e290 code [0x000002395878e440, 0x000002395878e4f8]
Event: 1.040 Thread 0x000002396cb91000 2048       1       java.lang.reflect.Constructor::getConstructorAccessor (5 bytes)
Event: 1.040 Thread 0x000002396cb91000 nmethod 2048 0x000002395878e590 code [0x000002395878e740, 0x000002395878e7f8]
Event: 1.040 Thread 0x000002396cb91000 2049       1       jdk.internal.reflect.DelegatingConstructorAccessorImpl::setDelegate (6 bytes)
Event: 1.040 Thread 0x000002396cb91000 nmethod 2049 0x000002395878e890 code [0x000002395878ea40, 0x000002395878eb58]
Event: 1.043 Thread 0x000002396cb91000 2050       3       jdk.internal.reflect.ConstructorAccessorImpl::<init> (5 bytes)
Event: 1.043 Thread 0x000002396cb91000 nmethod 2050 0x000002395155e290 code [0x000002395155e440, 0x000002395155e5f8]
Event: 1.045 Thread 0x000002396cb91000 2051       3       java.lang.String::startsWith (138 bytes)
Event: 1.046 Thread 0x000002396cb91000 nmethod 2051 0x000002395155e710 code [0x000002395155e940, 0x000002395155f318]

GC Heap History (4 events):
Event: 0.403 GC heap before
{Heap before GC invocations=0 (full 0):
 garbage-first heap   total 262144K, used 27648K [0x0000000700a00000, 0x0000000800000000)
  region size 1024K, 24 young (24576K), 0 survivors (0K)
 Metaspace       used 12356K, capacity 12504K, committed 12800K, reserved 1060864K
  class space    used 1163K, capacity 1207K, committed 1280K, reserved 1048576K
}
Event: 0.405 GC heap after
{Heap after GC invocations=1 (full 0):
 garbage-first heap   total 262144K, used 5915K [0x0000000700a00000, 0x0000000800000000)
  region size 1024K, 3 young (3072K), 3 survivors (3072K)
 Metaspace       used 12356K, capacity 12504K, committed 12800K, reserved 1060864K
  class space    used 1163K, capacity 1207K, committed 1280K, reserved 1048576K
}
Event: 0.772 GC heap before
{Heap before GC invocations=1 (full 0):
 garbage-first heap   total 262144K, used 41755K [0x0000000700a00000, 0x0000000800000000)
  region size 1024K, 39 young (39936K), 3 survivors (3072K)
 Metaspace       used 20898K, capacity 21176K, committed 21296K, reserved 1069056K
  class space    used 2272K, capacity 2380K, committed 2432K, reserved 1048576K
}
Event: 0.779 GC heap after
{Heap after GC invocations=2 (full 0):
 garbage-first heap   total 262144K, used 9240K [0x0000000700a00000, 0x0000000800000000)
  region size 1024K, 7 young (7168K), 7 survivors (7168K)
 Metaspace       used 20898K, capacity 21176K, committed 21296K, reserved 1069056K
  class space    used 2272K, capacity 2380K, committed 2432K, reserved 1048576K
}

Deoptimization events (20 events):
Event: 0.931 Thread 0x000002394d10f000 DEOPT PACKING pc=0x00000239515115d0 sp=0x000000710b2fe260
Event: 0.931 Thread 0x000002394d10f000 DEOPT UNPACKING pc=0x0000023950c3705e sp=0x000000710b2fd708 mode 0
Event: 0.931 Thread 0x000002394d10f000 DEOPT PACKING pc=0x00000239515115d0 sp=0x000000710b2fe260
Event: 0.931 Thread 0x000002394d10f000 DEOPT UNPACKING pc=0x0000023950c3705e sp=0x000000710b2fd708 mode 0
Event: 0.961 Thread 0x000002394d10f000 Uncommon trap: trap_request=0xffffff6e fr.pc=0x000002395876af28 relative=0x00000000000014e8
Event: 0.961 Thread 0x000002394d10f000 Uncommon trap: reason=speculate_class_check action=maybe_recompile pc=0x000002395876af28 method=java.util.zip.InflaterInputStream.read([BII)I @ 100 c2
Event: 0.961 Thread 0x000002394d10f000 DEOPT PACKING pc=0x000002395876af28 sp=0x000000710b2fe290
Event: 0.961 Thread 0x000002394d10f000 DEOPT UNPACKING pc=0x0000023950c368af sp=0x000000710b2fe2f0 mode 2
Event: 0.997 Thread 0x000002394d10f000 Uncommon trap: trap_request=0xffffff4d fr.pc=0x0000023958764d88 relative=0x00000000000005c8
Event: 0.997 Thread 0x000002394d10f000 Uncommon trap: reason=unstable_if action=reinterpret pc=0x0000023958764d88 method=java.lang.Integer.getChars(II[B)I @ 25 c2
Event: 0.997 Thread 0x000002394d10f000 DEOPT PACKING pc=0x0000023958764d88 sp=0x000000710b2fe320
Event: 0.997 Thread 0x000002394d10f000 DEOPT UNPACKING pc=0x0000023950c368af sp=0x000000710b2fe210 mode 2
Event: 1.010 Thread 0x000002394d10f000 Uncommon trap: trap_request=0xffffffcc fr.pc=0x0000023958787f70 relative=0x00000000000001b0
Event: 1.010 Thread 0x000002394d10f000 Uncommon trap: reason=intrinsic_or_type_checked_inlining action=make_not_entrant pc=0x0000023958787f70 method=java.util.Arrays.copyOf([Ljava/lang/Object;ILjava/lang/Class;)[Ljava/lang/Object; @ 35 c2
Event: 1.010 Thread 0x000002394d10f000 DEOPT PACKING pc=0x0000023958787f70 sp=0x000000710b2fd5e0
Event: 1.010 Thread 0x000002394d10f000 DEOPT UNPACKING pc=0x0000023950c368af sp=0x000000710b2fd588 mode 2
Event: 1.045 Thread 0x000002394d10f000 Uncommon trap: trap_request=0xffffff4d fr.pc=0x0000023958744bb0 relative=0x0000000000000190
Event: 1.045 Thread 0x000002394d10f000 Uncommon trap: reason=unstable_if action=reinterpret pc=0x0000023958744bb0 method=java.lang.String.startsWith(Ljava/lang/String;I)Z @ 1 c2
Event: 1.045 Thread 0x000002394d10f000 DEOPT PACKING pc=0x0000023958744bb0 sp=0x000000710b2fdba0
Event: 1.045 Thread 0x000002394d10f000 DEOPT UNPACKING pc=0x0000023950c368af sp=0x000000710b2fdb10 mode 2

Classes redefined (0 events):
No events

Internal exceptions (20 events):
Event: 0.671 Thread 0x000002394d10f000 Exception <a 'java/lang/NoSuchMethodError'{0x000000070ed3dc68}: 'int java.lang.invoke.DirectMethodHandle$Holder.invokeSpecialIFC(java.lang.Object, java.lang.Object, int)'> (0x000000070ed3dc68) thrown at [./src/hotspot/share/interpreter/linkResolver.cpp, line 773]
Event: 0.780 Thread 0x000002394d10f000 Exception <a 'java/lang/NoSuchMethodError'{0x0000000710915c20}: 'java.lang.Object java.lang.invoke.DirectMethodHandle$Holder.invokeStaticInit(java.lang.Object, int)'> (0x0000000710915c20) thrown at [./src/hotspot/share/interpreter/linkResolver.cpp, line 773]
Event: 0.799 Thread 0x000002394d10f000 Exception <a 'java/lang/NoSuchMethodError'{0x00000007108d38c0}: 'long java.lang.invoke.DirectMethodHandle$Holder.invokeStatic(java.lang.Object)'> (0x00000007108d38c0) thrown at [./src/hotspot/share/interpreter/linkResolver.cpp, line 773]
Event: 0.799 Thread 0x000002394d10f000 Exception <a 'java/lang/NoSuchMethodError'{0x00000007108d6718}: 'long java.lang.invoke.DirectMethodHandle$Holder.invokeStaticInit(java.lang.Object)'> (0x00000007108d6718) thrown at [./src/hotspot/share/interpreter/linkResolver.cpp, line 773]
Event: 0.833 Thread 0x000002394d10f000 Exception <a 'java/lang/NoSuchMethodError'{0x0000000710480808}: 'int java.lang.invoke.DirectMethodHandle$Holder.invokeStaticInit(java.lang.Object, java.lang.Object, java.lang.Object)'> (0x0000000710480808) thrown at [./src/hotspot/share/interpreter/linkResolver.cpp, line 773]
Event: 0.836 Thread 0x000002394d10f000 Exception <a 'java/lang/NoSuchMethodError'{0x00000007104ab6c0}: 'int java.lang.invoke.DirectMethodHandle$Holder.invokeStaticInit(java.lang.Object, java.lang.Object)'> (0x00000007104ab6c0) thrown at [./src/hotspot/share/interpreter/linkResolver.cpp, line 773]
Event: 0.864 Thread 0x000002394d10f000 Exception <a 'java/lang/NoSuchMethodError'{0x00000007102ba150}: 'void java.lang.invoke.DirectMethodHandle$Holder.invokeSpecial(java.lang.Object, java.lang.Object)'> (0x00000007102ba150) thrown at [./src/hotspot/share/interpreter/linkResolver.cpp, line 773]
Event: 0.969 Thread 0x000002394d10f000 Exception <a 'java/lang/NoSuchMethodError'{0x000000070fae0580}: 'java.lang.Object java.lang.invoke.DirectMethodHandle$Holder.invokeStatic(java.lang.Object, java.lang.Object, java.lang.Object, java.lang.Object, java.lang.Object, java.lang.Object, java.lang.Object, java.lang.Object, java.lang.Object, java.lang.Object, java.lang.Object, java.lang.Object, java.lang.Object, java.lang.Object, java.lang.Object)'> (0x000000070fae0580) thrown at [./src/hotspot/share/interpreter/linkResolver.cpp, line 773]
Event: 0.970 Thread 0x000002394d10f000 Exception <a 'java/lang/NoSuchMethodError'{0x000000070faee588}: 'java.lang.Object java.lang.invoke.DirectMethodHandle$Holder.invokeStatic(java.lang.Object, java.lang.Object, java.lang.Object, java.lang.Object, java.lang.Object, java.lang.Object, java.lang.Object, java.lang.Object, java.lang.Object, java.lang.Object, java.lang.Object, java.lang.Object, java.lang.Object, java.lang.Object, java.lang.Object, java.lang.Object)'> (0x000000070faee588) thrown at [./src/hotspot/share/interpreter/linkResolver.cpp, l
Event: 0.971 Thread 0x000002394d10f000 Exception <a 'java/lang/NoSuchMethodError'{0x000000070fafc4a0}: 'java.lang.Object java.lang.invoke.DirectMethodHandle$Holder.invokeSpecial(java.lang.Object, java.lang.Object, int, int, java.lang.Object, java.lang.Object, java.lang.Object)'> (0x000000070fafc4a0) thrown at [./src/hotspot/share/interpreter/linkResolver.cpp, line 773]
Event: 0.971 Thread 0x000002394d10f000 Exception <a 'java/lang/NoSuchMethodError'{0x000000070faffcd8}: 'java.lang.Object java.lang.invoke.DelegatingMethodHandle$Holder.reinvoke_L(java.lang.Object, int, int, java.lang.Object, java.lang.Object, java.lang.Object)'> (0x000000070faffcd8) thrown at [./src/hotspot/share/interpreter/linkResolver.cpp, line 773]
Event: 0.971 Thread 0x000002394d10f000 Exception <a 'java/lang/NoSuchMethodError'{0x000000070f904558}: 'java.lang.Object java.lang.invoke.DirectMethodHandle$Holder.invokeStatic(java.lang.Object, java.lang.Object, java.lang.Object, java.lang.Object, int)'> (0x000000070f904558) thrown at [./src/hotspot/share/interpreter/linkResolver.cpp, line 773]
Event: 0.997 Thread 0x000002394d10f000 Exception <a 'sun/nio/fs/WindowsException'{0x000000070f843f10}> (0x000000070f843f10) thrown at [./src/hotspot/share/prims/jni.cpp, line 615]
Event: 0.997 Thread 0x000002394d10f000 Exception <a 'sun/nio/fs/WindowsException'{0x000000070f844788}> (0x000000070f844788) thrown at [./src/hotspot/share/prims/jni.cpp, line 615]
Event: 0.997 Thread 0x000002394d10f000 Exception <a 'sun/nio/fs/WindowsException'{0x000000070f845010}> (0x000000070f845010) thrown at [./src/hotspot/share/prims/jni.cpp, line 615]
Event: 0.997 Thread 0x000002394d10f000 Exception <a 'sun/nio/fs/WindowsException'{0x000000070f845a08}> (0x000000070f845a08) thrown at [./src/hotspot/share/prims/jni.cpp, line 615]
Event: 0.997 Thread 0x000002394d10f000 Exception <a 'sun/nio/fs/WindowsException'{0x000000070f846310}> (0x000000070f846310) thrown at [./src/hotspot/share/prims/jni.cpp, line 615]
Event: 0.997 Thread 0x000002394d10f000 Exception <a 'sun/nio/fs/WindowsException'{0x000000070f846c48}> (0x000000070f846c48) thrown at [./src/hotspot/share/prims/jni.cpp, line 615]
Event: 0.998 Thread 0x000002394d10f000 Exception <a 'java/lang/NoSuchMethodError'{0x000000070f84d458}: 'void java.lang.invoke.DirectMethodHandle$Holder.invokeStatic(java.lang.Object, java.lang.Object, java.lang.Object, java.lang.Object)'> (0x000000070f84d458) thrown at [./src/hotspot/share/interpreter/linkResolver.cpp, line 773]
Event: 1.035 Thread 0x000002394d10f000 Exception <a 'java/lang/NoSuchMethodError'{0x000000070f428900}: 'void java.lang.invoke.DirectMethodHandle$Holder.invokeStaticInit(java.lang.Object, java.lang.Object)'> (0x000000070f428900) thrown at [./src/hotspot/share/interpreter/linkResolver.cpp, line 773]

Events (20 events):
Event: 1.046 loading class org/jetbrains/kotlin/com/intellij/core/CoreJavaCodeStyleManager
Event: 1.046 loading class org/jetbrains/kotlin/com/intellij/core/CoreJavaCodeStyleManager done
Event: 1.047 loading class org/jetbrains/kotlin/com/intellij/core/CoreJavaCodeStyleManager$1CancelException
Event: 1.047 loading class org/jetbrains/kotlin/com/intellij/core/CoreJavaCodeStyleManager$1CancelException done
Event: 1.047 loading class org/jetbrains/kotlin/com/intellij/core/CoreJavaCodeStyleManager$1
Event: 1.047 loading class org/jetbrains/kotlin/com/intellij/core/CoreJavaCodeStyleManager$1 done
Event: 1.047 loading class org/jetbrains/kotlin/com/intellij/psi/JavaRecursiveElementWalkingVisitor
Event: 1.047 loading class org/jetbrains/kotlin/com/intellij/psi/JavaRecursiveElementWalkingVisitor done
Event: 1.047 loading class org/jetbrains/kotlin/com/intellij/psi/JavaElementVisitor
Event: 1.047 loading class org/jetbrains/kotlin/com/intellij/psi/JavaElementVisitor done
Event: 1.048 loading class org/jetbrains/kotlin/com/intellij/psi/codeStyle/SuggestedNameInfo
Event: 1.048 loading class org/jetbrains/kotlin/com/intellij/psi/codeStyle/SuggestedNameInfo done
Event: 1.048 loading class org/jetbrains/kotlin/com/intellij/core/CoreJavaCodeStyleManager$2
Event: 1.048 loading class org/jetbrains/kotlin/com/intellij/core/CoreJavaCodeStyleManager$2 done
Event: 1.048 loading class org/jetbrains/kotlin/com/intellij/psi/controlFlow/ControlFlowFactory
Event: 1.048 loading class org/jetbrains/kotlin/com/intellij/psi/controlFlow/ControlFlowFactory done
Event: 1.048 loading class org/jetbrains/kotlin/com/intellij/psi/controlFlow/ControlFlow
Event: 1.048 loading class org/jetbrains/kotlin/com/intellij/psi/controlFlow/ControlFlow done
Event: 1.048 loading class org/jetbrains/kotlin/com/intellij/util/containers/ConcurrentWeakKeySoftValueHashMap
Event: 1.048 loading class org/jetbrains/kotlin/com/intellij/util/containers/ConcurrentWeakKeySoftValueHashMap done


Dynamic libraries:
0x00007ff7fef80000 - 0x00007ff7fef8a000 	D:\Programs\Android\Android Studio\jre\bin\java.exe
0x00007ff83cb80000 - 0x00007ff83cd89000 	C:\Windows\SYSTEM32\ntdll.dll
0x00007ff83bf80000 - 0x00007ff83c03d000 	C:\Windows\System32\KERNEL32.DLL
0x00007ff83a230000 - 0x00007ff83a5a4000 	C:\Windows\System32\KERNELBASE.dll
0x00007ff83a5b0000 - 0x00007ff83a6c1000 	C:\Windows\System32\ucrtbase.dll
0x00007ff833f50000 - 0x00007ff833f69000 	D:\Programs\Android\Android Studio\jre\bin\jli.dll
0x00007ff828780000 - 0x00007ff828797000 	D:\Programs\Android\Android Studio\jre\bin\VCRUNTIME140.dll
0x00007ff83c3c0000 - 0x00007ff83c56c000 	C:\Windows\System32\USER32.dll
0x00007ff828b40000 - 0x00007ff828de5000 	C:\Windows\WinSxS\amd64_microsoft.windows.common-controls_6595b64144ccf1df_6.0.22000.120_none_9d947278b86cc467\COMCTL32.dll
0x00007ff83a740000 - 0x00007ff83a766000 	C:\Windows\System32\win32u.dll
0x00007ff83ca60000 - 0x00007ff83ca89000 	C:\Windows\System32\GDI32.dll
0x00007ff83ca90000 - 0x00007ff83cb33000 	C:\Windows\System32\msvcrt.dll
0x00007ff83a070000 - 0x00007ff83a182000 	C:\Windows\System32\gdi32full.dll
0x00007ff83a190000 - 0x00007ff83a22d000 	C:\Windows\System32\msvcp_win.dll
0x00007ff83ab00000 - 0x00007ff83ab31000 	C:\Windows\System32\IMM32.DLL
0x00007ff812090000 - 0x00007ff81212d000 	D:\Programs\Android\Android Studio\jre\bin\msvcp140.dll
0x00007ff807220000 - 0x00007ff807cf5000 	D:\Programs\Android\Android Studio\jre\bin\server\jvm.dll
0x00007ff83aa50000 - 0x00007ff83aafe000 	C:\Windows\System32\ADVAPI32.dll
0x00007ff83b640000 - 0x00007ff83b6de000 	C:\Windows\System32\sechost.dll
0x00007ff83c600000 - 0x00007ff83c720000 	C:\Windows\System32\RPCRT4.dll
0x00007ff83b8b0000 - 0x00007ff83b8b8000 	C:\Windows\System32\PSAPI.DLL
0x00007ff834890000 - 0x00007ff834899000 	C:\Windows\SYSTEM32\WSOCK32.dll
0x00007ff835fa0000 - 0x00007ff835fd3000 	C:\Windows\SYSTEM32\WINMM.dll
0x00007ff83b740000 - 0x00007ff83b7af000 	C:\Windows\System32\WS2_32.dll
0x00007ff833f40000 - 0x00007ff833f4a000 	C:\Windows\SYSTEM32\VERSION.dll
0x00007ff839260000 - 0x00007ff839278000 	C:\Windows\SYSTEM32\kernel.appcore.dll
0x00007ff81abf0000 - 0x00007ff81ac01000 	D:\Programs\Android\Android Studio\jre\bin\verify.dll
0x00007ff829040000 - 0x00007ff829261000 	C:\Windows\SYSTEM32\DBGHELP.DLL
0x00007ff828f50000 - 0x00007ff828f81000 	C:\Windows\SYSTEM32\dbgcore.DLL
0x00007ff83a9a0000 - 0x00007ff83aa1f000 	C:\Windows\System32\bcryptPrimitives.dll
0x00007ff8188f0000 - 0x00007ff818919000 	D:\Programs\Android\Android Studio\jre\bin\java.dll
0x00007ff82ffb0000 - 0x00007ff82ffbb000 	D:\Programs\Android\Android Studio\jre\bin\jimage.dll
0x00007ff819b40000 - 0x00007ff819b58000 	D:\Programs\Android\Android Studio\jre\bin\zip.dll
0x00007ff83ab40000 - 0x00007ff83b2ee000 	C:\Windows\System32\SHELL32.dll
0x00007ff8381e0000 - 0x00007ff838a48000 	C:\Windows\SYSTEM32\windows.storage.dll
0x00007ff83c040000 - 0x00007ff83c3b8000 	C:\Windows\System32\combase.dll
0x00007ff838070000 - 0x00007ff8381d6000 	C:\Windows\SYSTEM32\wintypes.dll
0x00007ff83b550000 - 0x00007ff83b63a000 	C:\Windows\System32\SHCORE.dll
0x00007ff83b370000 - 0x00007ff83b3cd000 	C:\Windows\System32\shlwapi.dll
0x00007ff839fa0000 - 0x00007ff839fc1000 	C:\Windows\SYSTEM32\profapi.dll
0x00007ff8196d0000 - 0x00007ff8196ea000 	D:\Programs\Android\Android Studio\jre\bin\net.dll
0x00007ff835370000 - 0x00007ff83547c000 	C:\Windows\SYSTEM32\WINHTTP.dll
0x00007ff839690000 - 0x00007ff8396f7000 	C:\Windows\system32\mswsock.dll
0x00007ff818de0000 - 0x00007ff818df4000 	D:\Programs\Android\Android Studio\jre\bin\nio.dll

dbghelp: loaded successfully - version: 4.0.5 - missing functions: none
symbol engine: initialized successfully - sym options: 0x614 - pdb path: .;D:\Programs\Android\Android Studio\jre\bin;C:\Windows\SYSTEM32;C:\Windows\WinSxS\amd64_microsoft.windows.common-controls_6595b64144ccf1df_6.0.22000.120_none_9d947278b86cc467;D:\Programs\Android\Android Studio\jre\bin\server

VM Arguments:
java_command: org.jetbrains.kotlin.cli.jvm.K2JVMCompiler @D:\Workspace\NewsPortal\app\build\20220427_272144270184909565.compiler.options
java_class_path (initial): C:\Users\Unkno\.gradle\caches\modules-2\files-2.1\org.jetbrains.kotlin\kotlin-compiler-embeddable\1.6.10\88f2073f4020cdb83132cfe940ceb9a60aba54ea\kotlin-compiler-embeddable-1.6.10.jar;C:\Users\Unkno\.gradle\caches\modules-2\files-2.1\org.jetbrains.kotlin\kotlin-reflect\1.6.10\1cbe9c92c12a94eea200d23c2bbaedaf3daf5132\kotlin-reflect-1.6.10.jar;C:\Users\Unkno\.gradle\caches\modules-2\files-2.1\org.jetbrains.kotlin\kotlin-stdlib\1.6.10\b8af3fe6f1ca88526914929add63cf5e7c5049af\kotlin-stdlib-1.6.10.jar;C:\Users\Unkno\.gradle\caches\modules-2\files-2.1\org.jetbrains.kotlin\kotlin-script-runtime\1.6.10\d0a7ff2e2500ef497ed0214ae40ad3c8387a6164\kotlin-script-runtime-1.6.10.jar;C:\Users\Unkno\.gradle\caches\modules-2\files-2.1\org.jetbrains.kotlin\kotlin-daemon-embeddable\1.6.10\a56d79bcbea411fa6058e4ecffc2de73e742bd2a\kotlin-daemon-embeddable-1.6.10.jar;C:\Users\Unkno\.gradle\caches\modules-2\files-2.1\org.jetbrains.intellij.deps\trove4j\1.0.20181211\216c2e14b070f334479d800987affe4054cd563f\trove4j-1.0.20181211.jar;C:\Users\Unkno\.gradle\caches\modules-2\files-2.1\net.java.dev.jna\jna\5.6.0\330f2244e9030119ab3030fc3fededc86713d9cc\jna-5.6.0.jar;C:\Users\Unkno\.gradle\caches\modules-2\files-2.1\org.jetbrains\annotations\13.0\919f0dfe192fb4e063e7dacadee7f8bb9a2672a9\annotations-13.0.jar;C:\Users\Unkno\.gradle\caches\modules-2\files-2.1\org.jetbrains.kotlin\kotlin-stdlib-common\1.6.10\c118700e3a33c8a0d9adc920e9dec0831171925\kotlin-stdlib-common-1.6.10.jar
Launcher Type: SUN_STANDARD

[Global flags]
     intx CICompilerCount                          = 4                                         {product} {ergonomic}
     uint ConcGCThreads                            = 2                                         {product} {ergonomic}
     uint G1ConcRefinementThreads                  = 8                                         {product} {ergonomic}
   size_t G1HeapRegionSize                         = 1048576                                   {product} {ergonomic}
    uintx GCDrainStackTargetSize                   = 64                                        {product} {ergonomic}
   size_t InitialHeapSize                          = 268435456                                 {product} {ergonomic}
   size_t MarkStackSize                            = 4194304                                   {product} {ergonomic}
   size_t MaxHeapSize                              = 4284481536                                {product} {ergonomic}
   size_t MaxNewSize                               = 2570059776                                {product} {ergonomic}
   size_t MinHeapDeltaBytes                        = 1048576                                   {product} {ergonomic}
    uintx NonNMethodCodeHeapSize                   = 5836300                                {pd product} {ergonomic}
    uintx NonProfiledCodeHeapSize                  = 122910970                              {pd product} {ergonomic}
    uintx ProfiledCodeHeapSize                     = 122910970                              {pd product} {ergonomic}
    uintx ReservedCodeCacheSize                    = 251658240                              {pd product} {ergonomic}
     bool SegmentedCodeCache                       = true                                      {product} {ergonomic}
     bool UseCompressedClassPointers               = true                                 {lp64_product} {ergonomic}
     bool UseCompressedOops                        = true                                 {lp64_product} {ergonomic}
     bool UseG1GC                                  = true                                      {product} {ergonomic}
     bool UseLargePagesIndividualAllocation        = false                                  {pd product} {ergonomic}

Logging:
Log output configuration:
 #0: stdout all=warning uptime,level,tags
 #1: stderr all=off uptime,level,tags

Environment Variables:
PATH=C:\Windows\system32;C:\Windows;C:\Windows\System32\Wbem;C:\Windows\System32\WindowsPowerShell\v1.0\;C:\Windows\System32\OpenSSH\;C:\Program Files (x86)\NVIDIA Corporation\PhysX\Common;C:\Program Files\NVIDIA Corporation\NVIDIA NvDLISR;D:\Programs\Git\cmd;C:\Program Files\Common Files\Autodesk Shared\;C:\Program Files\Microsoft SQL Server\120\Tools\Binn\;C:\Users\Unkno\AppData\Local\Microsoft\WindowsApps;
USERNAME=Unkno
OS=Windows_NT
PROCESSOR_IDENTIFIER=Intel64 Family 6 Model 158 Stepping 9, GenuineIntel



---------------  S Y S T E M  ---------------

OS: Windows 10 , 64 bit Build 22000 (10.0.22000.434)
OS uptime: 0 days 23:28 hours

CPU:total 8 (initial active 8) (4 cores per cpu, 2 threads per core) family 6 model 158 stepping 9 microcode 0xde, cmov, cx8, fxsr, mmx, sse, sse2, sse3, ssse3, sse4.1, sse4.2, popcnt, avx, avx2, aes, clmul, erms, rtm, 3dnowpref, lzcnt, ht, tsc, tscinvbit, bmi1, bmi2, adx, fma

Memory: 4k page, system-wide physical 16339M (3290M free)
TotalPageFile size 16339M (AvailPageFile size 5M)
current process WorkingSet (physical memory assigned to process): 153M, peak: 153M
current process commit charge ("private bytes"): 397M, peak: 398M

vm_info: OpenJDK 64-Bit Server VM (11.0.11+9-b60-7590822) for windows-amd64 JRE (11.0.11+9-b60-7590822), built on Jul 29 2021 21:43:44 by "builder" with MS VC++ 14.0 (VS2015)

END.
